<?xml version="1.0" encoding="UTF-8"?>
<testExecutions version="1">
  <file path="/Users/namjain0/repo/react-lite/app/components/atoms/Heading/tests/Heading.test.js">
  </file>
</testExecutions>